<?xml version="1.0" encoding="UTF-8"?>
<!-- Generated by org.testng.reporters.JUnitXMLReporter -->
<testsuite ignored="0" hostname="Mohit" failures="0" tests="4" name="my tests" time="5.617" errors="0" timestamp="2026-07-06T14:40:21 IST">
  <testcase classname="Day42.OrangeHRMTest" name="openApp" time="3.942"/>
  <testcase classname="Day42.OrangeHRMTest" name="testLogo" time="1.073"/>
  <testcase classname="Day42.OrangeHRMTest" name="testLogin" time="0.289"/>
  <testcase classname="Day42.OrangeHRMTest" name="testLogout" time="0.233"/>
</testsuite> <!-- my tests -->
