<?xml version="1.0" encoding="UTF-8"?>
<testng-results ignored="0" total="1" passed="1" failed="0" skipped="0">
  <reporter-output>
  </reporter-output>
  <suite started-at="2026-08-11T00:24:54 IST" name="Suite" finished-at="2026-08-11T00:24:57 IST" duration-ms="3001">
    <groups>
    </groups>
    <test started-at="2026-08-11T00:24:54 IST" name="Test" finished-at="2026-08-11T00:24:57 IST" duration-ms="3001">
      <class name="Day48.BasePage">
        <test-method signature="AppPage(java.lang.String,java.lang.String)[pri:0, instance:Day48.BasePage@62379589]" started-at="2026-08-11T00:24:54 IST" name="AppPage" finished-at="2026-08-11T00:24:57 IST" duration-ms="2939" status="PASS">
          <params>
            <param index="0">
              <value>
                <![CDATA[Windows]]>
              </value>
            </param>
            <param index="1">
              <value>
                <![CDATA[chrome]]>
              </value>
            </param>
          </params>
          <reporter-output>
          </reporter-output>
        </test-method> <!-- AppPage -->
      </class> <!-- Day48.BasePage -->
    </test> <!-- Test -->
  </suite> <!-- Suite -->
</testng-results>
