<?xml version="1.0" encoding="UTF-8"?>
<!-- Generated by org.testng.reporters.JUnitReportReporter -->
<testsuite hostname="Mohit" failures="0" tests="3" name="Day44.LoginTests" time="0.017" errors="0" timestamp="2026-07-17T12:34:31 IST" skipped="0">
  <testcase classname="Day44.LoginTests" name="loginByEmail" time="0.012"/>
  <testcase classname="Day44.LoginTests" name="loginByFacebook" time="0.003"/>
  <testcase classname="Day44.LoginTests" name="loginByTwitter" time="0.002"/>
</testsuite> <!-- Day44.LoginTests -->
