<?xml version="1.0" encoding="UTF-8"?>
<!-- Generated by org.testng.reporters.JUnitReportReporter -->
<testsuite hostname="Mohit" failures="0" tests="4" name="Day42.OrangeHRMTest" time="5.537" errors="0" timestamp="2026-07-06T14:40:21 IST" skipped="0">
  <testcase classname="Day42.OrangeHRMTest" name="openApp" time="3.942"/>
  <testcase classname="Day42.OrangeHRMTest" name="testLogo" time="1.073"/>
  <testcase classname="Day42.OrangeHRMTest" name="testLogin" time="0.289"/>
  <testcase classname="Day42.OrangeHRMTest" name="testLogout" time="0.233"/>
</testsuite> <!-- Day42.OrangeHRMTest -->
