<?xml version="1.0" encoding="UTF-8"?>
<!-- Generated by org.testng.reporters.JUnitReportReporter -->
<testsuite hostname="Mohit" failures="0" tests="3" name="Day42.MyFirstTestCase" time="0.028" errors="0" timestamp="2026-07-03T03:58:31 IST" skipped="0">
  <testcase classname="Day42.MyFirstTestCase" name="openapp" time="0.022"/>
  <testcase classname="Day42.MyFirstTestCase" name="login" time="0.002"/>
  <testcase classname="Day42.MyFirstTestCase" name="logout" time="0.004"/>
</testsuite> <!-- Day42.MyFirstTestCase -->
