<?xml version="1.0" encoding="UTF-8"?>
<!-- Generated by org.testng.reporters.JUnitReportReporter -->
<testsuite hostname="Mohit" failures="0" tests="3" name="DAY46.OrangeHRMTest" time="0.081" errors="0" timestamp="2026-08-11T00:08:13 IST" skipped="0">
  <testcase classname="DAY46.OrangeHRMTest" name="testLogo" time="0.057"/>
  <testcase classname="DAY46.OrangeHRMTest" name="testAppUrl" time="0.012"/>
  <testcase classname="DAY46.OrangeHRMTest" name="testTitle" time="0.012"/>
</testsuite> <!-- DAY46.OrangeHRMTest -->
