<?xml version="1.0" encoding="UTF-8"?>
<!-- Generated by org.testng.reporters.JUnitReportReporter -->
<testsuite hostname="Mohit" failures="0" tests="3" name="Day44.SignupMethod" time="0.006" errors="0" timestamp="2026-07-17T12:22:48 IST" skipped="0">
  <testcase classname="Day44.SignupMethod" name="signupbytwitter" time="0.003"/>
  <testcase classname="Day44.SignupMethod" name="signupbyemail" time="0.001"/>
  <testcase classname="Day44.SignupMethod" name="signupbyfacebook" time="0.002"/>
</testsuite> <!-- Day44.SignupMethod -->
