<?xml version="1.0" encoding="UTF-8"?>
<!-- Generated by org.testng.reporters.JUnitReportReporter -->
<testsuite hostname="Mohit" failures="0" tests="9" name="Day45.ParamTest" time="0.287" errors="0" timestamp="2026-07-24T00:30:37 IST" skipped="0">
  <testcase classname="Day45.ParamTest" name="testLogo" time="0.077"/>
  <testcase classname="Day45.ParamTest" name="testLogo" time="0.034"/>
  <testcase classname="Day45.ParamTest" name="testLogo" time="0.074"/>
  <testcase classname="Day45.ParamTest" name="testTitle" time="0.020"/>
  <testcase classname="Day45.ParamTest" name="testTitle" time="0.009"/>
  <testcase classname="Day45.ParamTest" name="testTitle" time="0.018"/>
  <testcase classname="Day45.ParamTest" name="testURL" time="0.007"/>
  <testcase classname="Day45.ParamTest" name="testURL" time="0.023"/>
  <testcase classname="Day45.ParamTest" name="testURL" time="0.025"/>
</testsuite> <!-- Day45.ParamTest -->
